[ 2024-11-23 22:34:37,546 ] 23 root - INFO - Logging system initialized.
[ 2024-11-23 22:34:41,454 ] 1038 httpx - INFO - HTTP Request: GET https://dagshub.com/api/v1/user "HTTP/1.1 200 OK"
[ 2024-11-23 22:34:41,468 ] 107 dagshub - INFO - Accessing as ajayreddy6601
[ 2024-11-23 22:34:41,694 ] 1038 httpx - INFO - HTTP Request: GET https://dagshub.com/api/v1/repos/ajayreddy6601/network-intrusion-security "HTTP/1.1 200 OK"
[ 2024-11-23 22:34:41,884 ] 1038 httpx - INFO - HTTP Request: GET https://dagshub.com/api/v1/user "HTTP/1.1 200 OK"
[ 2024-11-23 22:34:41,884 ] 107 dagshub - INFO - Initialized MLflow to track repo "ajayreddy6601/network-intrusion-security"
[ 2024-11-23 22:34:41,901 ] 107 dagshub - INFO - Repository ajayreddy6601/network-intrusion-security initialized!
[ 2024-11-23 22:34:50,526 ] 42 root - INFO - Start data Ingestion
[ 2024-11-23 22:34:55,450 ] 65 root - INFO - Performed train test split on the dataframe
[ 2024-11-23 22:34:55,450 ] 67 root - INFO - Exited split_data_as_train_test method of Data_Ingestion class
[ 2024-11-23 22:34:55,450 ] 75 root - INFO - Exporting train and test file path.
[ 2024-11-23 22:34:55,528 ] 84 root - INFO - Exported train and test file path.
[ 2024-11-23 22:34:55,528 ] 45 root - INFO - Data Ingestion completed and artifact: DataIngestionArtifact(trained_file_path='Artifacts\\11_23_2024_22_34_38\\data_ingestion\\ingested\\train.csv', test_file_path='Artifacts\\11_23_2024_22_34_38\\data_ingestion\\ingested\\test.csv')
[ 2024-11-23 22:34:55,543 ] 55 root - INFO - Initiate the data Validation
[ 2024-11-23 22:34:55,621 ] 32 root - INFO - Required number of columns:2
[ 2024-11-23 22:34:55,621 ] 33 root - INFO - Data frame has columns:31
[ 2024-11-23 22:34:55,621 ] 32 root - INFO - Required number of columns:2
[ 2024-11-23 22:34:55,621 ] 33 root - INFO - Data frame has columns:31
[ 2024-11-23 22:34:55,809 ] 63 root - INFO - Entered initiate_data_transformation method of DataTransformation class
[ 2024-11-23 22:34:55,809 ] 65 root - INFO - Starting data transformation
[ 2024-11-23 22:34:55,840 ] 48 root - INFO - Entered get_data_trnasformer_object method of Trnasformation class
[ 2024-11-23 22:34:55,840 ] 53 root - INFO - Initialise KNNImputer with {'missing_values': nan, 'n_neighbors': 3, 'weights': 'uniform'}
[ 2024-11-23 22:34:55,856 ] 46 root - INFO - Entered the save_object method of MainUtils class
[ 2024-11-23 22:34:55,856 ] 50 root - INFO - Exited the save_object method of MainUtils class
[ 2024-11-23 22:34:55,856 ] 46 root - INFO - Entered the save_object method of MainUtils class
[ 2024-11-23 22:34:55,871 ] 50 root - INFO - Exited the save_object method of MainUtils class
[ 2024-11-23 22:41:45,766 ] 870 urllib3.connectionpool - WARNING - Retrying (Retry(total=4, connect=5, read=5, redirect=5, status=5)) after connection broken by 'SSLEOFError(8, 'EOF occurred in violation of protocol (_ssl.c:2384)')': /ajayreddy6601/network-intrusion-security.mlflow/api/2.0/mlflow-artifacts/artifacts/a230b1581ea643df8b01ed27d9069c4c/8f3c14ec8cba488f869fdd7cb8747692/artifacts/model/model.pkl
