[ 2024-11-23 22:17:54,450 ] 23 root - INFO - Logging system initialized.
[ 2024-11-23 22:18:07,639 ] 1038 httpx - INFO - HTTP Request: GET https://dagshub.com/api/v1/user "HTTP/1.1 200 OK"
[ 2024-11-23 22:18:07,654 ] 107 dagshub - INFO - Accessing as ajayreddy6601
[ 2024-11-23 22:18:07,869 ] 1038 httpx - INFO - HTTP Request: GET https://dagshub.com/api/v1/repos/ajayreddy6601/network-intrusion-security "HTTP/1.1 200 OK"
[ 2024-11-23 22:18:08,039 ] 1038 httpx - INFO - HTTP Request: GET https://dagshub.com/api/v1/user "HTTP/1.1 200 OK"
[ 2024-11-23 22:18:08,054 ] 107 dagshub - INFO - Initialized MLflow to track repo "ajayreddy6601/network-intrusion-security"
[ 2024-11-23 22:18:08,054 ] 107 dagshub - INFO - Repository ajayreddy6601/network-intrusion-security initialized!
[ 2024-11-23 22:18:08,903 ] 42 root - INFO - Start data Ingestion
[ 2024-11-23 22:18:14,023 ] 65 root - INFO - Performed train test split on the dataframe
[ 2024-11-23 22:18:14,023 ] 67 root - INFO - Exited split_data_as_train_test method of Data_Ingestion class
[ 2024-11-23 22:18:14,023 ] 75 root - INFO - Exporting train and test file path.
[ 2024-11-23 22:18:14,102 ] 84 root - INFO - Exported train and test file path.
[ 2024-11-23 22:18:14,102 ] 45 root - INFO - Data Ingestion completed and artifact: DataIngestionArtifact(trained_file_path='Artifacts\\11_23_2024_22_17_58\\data_ingestion\\ingested\\train.csv', test_file_path='Artifacts\\11_23_2024_22_17_58\\data_ingestion\\ingested\\test.csv')
[ 2024-11-23 22:18:14,117 ] 55 root - INFO - Initiate the data Validation
[ 2024-11-23 22:18:14,172 ] 32 root - INFO - Required number of columns:2
[ 2024-11-23 22:18:14,172 ] 33 root - INFO - Data frame has columns:31
[ 2024-11-23 22:18:14,172 ] 32 root - INFO - Required number of columns:2
[ 2024-11-23 22:18:14,172 ] 33 root - INFO - Data frame has columns:31
[ 2024-11-23 22:18:14,344 ] 63 root - INFO - Entered initiate_data_transformation method of DataTransformation class
[ 2024-11-23 22:18:14,344 ] 65 root - INFO - Starting data transformation
[ 2024-11-23 22:18:14,359 ] 48 root - INFO - Entered get_data_trnasformer_object method of Trnasformation class
[ 2024-11-23 22:18:14,359 ] 53 root - INFO - Initialise KNNImputer with {'missing_values': nan, 'n_neighbors': 3, 'weights': 'uniform'}
[ 2024-11-23 22:18:14,375 ] 46 root - INFO - Entered the save_object method of MainUtils class
[ 2024-11-23 22:18:14,375 ] 50 root - INFO - Exited the save_object method of MainUtils class
[ 2024-11-23 22:18:14,375 ] 46 root - INFO - Entered the save_object method of MainUtils class
[ 2024-11-23 22:18:14,390 ] 50 root - INFO - Exited the save_object method of MainUtils class
[ 2024-11-23 22:24:47,037 ] 870 urllib3.connectionpool - WARNING - Retrying (Retry(total=4, connect=5, read=5, redirect=5, status=5)) after connection broken by 'SSLEOFError(8, 'EOF occurred in violation of protocol (_ssl.c:2384)')': /ajayreddy6601/network-intrusion-security.mlflow/api/2.0/mlflow-artifacts/artifacts/a230b1581ea643df8b01ed27d9069c4c/690680d47fa44ae8bc3d43461ae66288/artifacts/model/model.pkl
