[ 2024-11-23 21:26:55,158 ] 23 root - INFO - Logging system initialized.
[ 2024-11-23 21:27:10,031 ] 20 root - INFO - Initiate the data ingestion
[ 2024-11-23 21:27:19,340 ] 65 root - INFO - Performed train test split on the dataframe
[ 2024-11-23 21:27:19,340 ] 67 root - INFO - Exited split_data_as_train_test method of Data_Ingestion class
[ 2024-11-23 21:27:19,340 ] 75 root - INFO - Exporting train and test file path.
[ 2024-11-23 21:27:19,434 ] 84 root - INFO - Exported train and test file path.
[ 2024-11-23 21:27:19,434 ] 22 root - INFO - Data Initiation Completed
[ 2024-11-23 21:27:19,449 ] 26 root - INFO - Initiate the data Validation
[ 2024-11-23 21:27:19,554 ] 32 root - INFO - Required number of columns:2
[ 2024-11-23 21:27:19,554 ] 33 root - INFO - Data frame has columns:31
[ 2024-11-23 21:27:19,554 ] 32 root - INFO - Required number of columns:2
[ 2024-11-23 21:27:19,570 ] 33 root - INFO - Data frame has columns:31
[ 2024-11-23 21:27:19,948 ] 28 root - INFO - data Validation Completed
[ 2024-11-23 21:27:19,949 ] 31 root - INFO - data Transformation started
[ 2024-11-23 21:27:19,949 ] 63 root - INFO - Entered initiate_data_transformation method of DataTransformation class
[ 2024-11-23 21:27:19,949 ] 65 root - INFO - Starting data transformation
[ 2024-11-23 21:27:19,997 ] 48 root - INFO - Entered get_data_trnasformer_object method of Trnasformation class
[ 2024-11-23 21:27:19,997 ] 53 root - INFO - Initialise KNNImputer with {'missing_values': nan, 'n_neighbors': 3, 'weights': 'uniform'}
[ 2024-11-23 21:27:20,019 ] 46 root - INFO - Entered the save_object method of MainUtils class
[ 2024-11-23 21:27:20,024 ] 50 root - INFO - Exited the save_object method of MainUtils class
[ 2024-11-23 21:27:20,024 ] 46 root - INFO - Entered the save_object method of MainUtils class
[ 2024-11-23 21:27:20,031 ] 50 root - INFO - Exited the save_object method of MainUtils class
[ 2024-11-23 21:27:20,031 ] 35 root - INFO - data Transformation completed
[ 2024-11-23 21:27:20,031 ] 37 root - INFO - Model Training sstared
[ 2024-11-23 21:37:08,266 ] 870 urllib3.connectionpool - WARNING - Retrying (Retry(total=4, connect=5, read=5, redirect=5, status=5)) after connection broken by 'SSLEOFError(8, 'EOF occurred in violation of protocol (_ssl.c:2384)')': /krishnaik06/networksecurity.mlflow/api/2.0/mlflow-artifacts/artifacts/39dd78e691c14027a66f1293747022d5/d42c962fe6ed40f2b99266eb2fca4ecd/artifacts/model/model.pkl
[ 2024-11-23 21:37:22,201 ] 870 urllib3.connectionpool - WARNING - Retrying (Retry(total=3, connect=5, read=5, redirect=5, status=5)) after connection broken by 'SSLEOFError(8, 'EOF occurred in violation of protocol (_ssl.c:2384)')': /krishnaik06/networksecurity.mlflow/api/2.0/mlflow-artifacts/artifacts/39dd78e691c14027a66f1293747022d5/d42c962fe6ed40f2b99266eb2fca4ecd/artifacts/model/model.pkl
[ 2024-11-23 21:37:34,110 ] 870 urllib3.connectionpool - WARNING - Retrying (Retry(total=2, connect=5, read=5, redirect=5, status=5)) after connection broken by 'SSLEOFError(8, 'EOF occurred in violation of protocol (_ssl.c:2384)')': /krishnaik06/networksecurity.mlflow/api/2.0/mlflow-artifacts/artifacts/39dd78e691c14027a66f1293747022d5/d42c962fe6ed40f2b99266eb2fca4ecd/artifacts/model/model.pkl
[ 2024-11-23 21:38:04,710 ] 870 urllib3.connectionpool - WARNING - Retrying (Retry(total=1, connect=5, read=5, redirect=5, status=5)) after connection broken by 'SSLEOFError(8, 'EOF occurred in violation of protocol (_ssl.c:2384)')': /krishnaik06/networksecurity.mlflow/api/2.0/mlflow-artifacts/artifacts/39dd78e691c14027a66f1293747022d5/d42c962fe6ed40f2b99266eb2fca4ecd/artifacts/model/model.pkl
